# JRE version: OpenJDK Runtime Environment (8.0_152-b01) (build 1.8.0_152-release-915-b01)
# Java VM: OpenJDK 64-Bit Server VM (25.152-b01 mixed mode windows-amd64 compressed oops)
Heap:
 PSYoungGen      total 130048K, used 76178K [0x00000000e0000000, 0x00000000ea980000, 0x0000000100000000)
  eden space 117248K, 54% used [0x00000000e0000000,0x00000000e3deba68,0x00000000e7280000)
  from space 12800K, 99% used [0x00000000e7280000,0x00000000e7ef9058,0x00000000e7f00000)
  to   space 15360K, 0% used [0x00000000e9a80000,0x00000000e9a80000,0x00000000ea980000)
 ParOldGen       total 59904K, used 18332K [0x00000000a0000000, 0x00000000a3a80000, 0x00000000e0000000)
  object space 59904K, 30% used [0x00000000a0000000,0x00000000a11e7170,0x00000000a3a80000)
 Metaspace       used 52731K, capacity 54468K, committed 54616K, reserved 1095680K
  class space    used 7097K, capacity 7506K, committed 7552K, reserved 1048576K
GC Heap History (10 events):
Event: 23.530 GC heap before
{Heap before GC invocations=9 (full 1):
 PSYoungGen      total 73216K, used 71760K [0x00000000e0000000, 0x00000000e7000000, 0x0000000100000000)
  eden space 64512K, 100% used [0x00000000e0000000,0x00000000e3f00000,0x00000000e3f00000)
  from space 8704K, 83% used [0x00000000e3f00000,0x00000000e46143c8,0x00000000e4780000)
  to   space 9216K, 0% used [0x00000000e6700000,0x00000000e6700000,0x00000000e7000000)
 ParOldGen       total 37888K, used 8633K [0x00000000a0000000, 0x00000000a2500000, 0x00000000e0000000)
  object space 37888K, 22% used [0x00000000a0000000,0x00000000a086e7a8,0x00000000a2500000)
 Metaspace       used 30203K, capacity 30828K, committed 30976K, reserved 1075200K
  class space    used 4112K, capacity 4319K, committed 4352K, reserved 1048576K
Event: 23.565 GC heap after
Heap after GC invocations=9 (full 1):
 PSYoungGen      total 104448K, used 8316K [0x00000000e0000000, 0x00000000e7100000, 0x0000000100000000)
  eden space 95232K, 0% used [0x00000000e0000000,0x00000000e0000000,0x00000000e5d00000)
  from space 9216K, 90% used [0x00000000e6700000,0x00000000e6f1f228,0x00000000e7000000)
  to   space 10240K, 0% used [0x00000000e5d00000,0x00000000e5d00000,0x00000000e6700000)
 ParOldGen       total 37888K, used 8641K [0x00000000a0000000, 0x00000000a2500000, 0x00000000e0000000)
  object space 37888K, 22% used [0x00000000a0000000,0x00000000a08707a8,0x00000000a2500000)
 Metaspace       used 30203K, capacity 30828K, committed 30976K, reserved 1075200K
  class space    used 4112K, capacity 4319K, committed 4352K, reserved 1048576K
}
Event: 28.925 GC heap before
{Heap before GC invocations=10 (full 1):
 PSYoungGen      total 104448K, used 72357K [0x00000000e0000000, 0x00000000e7100000, 0x0000000100000000)
  eden space 95232K, 67% used [0x00000000e0000000,0x00000000e3e8a5c8,0x00000000e5d00000)
  from space 9216K, 90% used [0x00000000e6700000,0x00000000e6f1f228,0x00000000e7000000)
  to   space 10240K, 0% used [0x00000000e5d00000,0x00000000e5d00000,0x00000000e6700000)
 ParOldGen       total 37888K, used 8641K [0x00000000a0000000, 0x00000000a2500000, 0x00000000e0000000)
  object space 37888K, 22% used [0x00000000a0000000,0x00000000a08707a8,0x00000000a2500000)
 Metaspace       used 34510K, capacity 35162K, committed 35416K, reserved 1079296K
  class space    used 4675K, capacity 4921K, committed 4992K, reserved 1048576K
Event: 28.951 GC heap after
Heap after GC invocations=10 (full 1):
 PSYoungGen      total 105472K, used 10034K [0x00000000e0000000, 0x00000000e8c80000, 0x0000000100000000)
  eden space 95232K, 0% used [0x00000000e0000000,0x00000000e0000000,0x00000000e5d00000)
  from space 10240K, 97% used [0x00000000e5d00000,0x00000000e66cc938,0x00000000e6700000)
  to   space 11776K, 0% used [0x00000000e8100000,0x00000000e8100000,0x00000000e8c80000)
 ParOldGen       total 37888K, used 8713K [0x00000000a0000000, 0x00000000a2500000, 0x00000000e0000000)
  object space 37888K, 22% used [0x00000000a0000000,0x00000000a08827b8,0x00000000a2500000)
 Metaspace       used 34510K, capacity 35162K, committed 35416K, reserved 1079296K
  class space    used 4675K, capacity 4921K, committed 4992K, reserved 1048576K
}
Event: 28.951 GC heap before
{Heap before GC invocations=11 (full 2):
 PSYoungGen      total 105472K, used 10034K [0x00000000e0000000, 0x00000000e8c80000, 0x0000000100000000)
  eden space 95232K, 0% used [0x00000000e0000000,0x00000000e0000000,0x00000000e5d00000)
  from space 10240K, 97% used [0x00000000e5d00000,0x00000000e66cc938,0x00000000e6700000)
  to   space 11776K, 0% used [0x00000000e8100000,0x00000000e8100000,0x00000000e8c80000)
 ParOldGen       total 37888K, used 8713K [0x00000000a0000000, 0x00000000a2500000, 0x00000000e0000000)
  object space 37888K, 22% used [0x00000000a0000000,0x00000000a08827b8,0x00000000a2500000)
 Metaspace       used 34510K, capacity 35162K, committed 35416K, reserved 1079296K
  class space    used 4675K, capacity 4921K, committed 4992K, reserved 1048576K
Event: 29.147 GC heap after
Heap after GC invocations=11 (full 2):
 PSYoungGen      total 105472K, used 0K [0x00000000e0000000, 0x00000000e8c80000, 0x0000000100000000)
  eden space 95232K, 0% used [0x00000000e0000000,0x00000000e0000000,0x00000000e5d00000)
  from space 10240K, 0% used [0x00000000e5d00000,0x00000000e5d00000,0x00000000e6700000)
  to   space 11776K, 0% used [0x00000000e8100000,0x00000000e8100000,0x00000000e8c80000)
 ParOldGen       total 59904K, used 16043K [0x00000000a0000000, 0x00000000a3a80000, 0x00000000e0000000)
  object space 59904K, 26% used [0x00000000a0000000,0x00000000a0faae10,0x00000000a3a80000)
 Metaspace       used 34510K, capacity 35162K, committed 35416K, reserved 1079296K
  class space    used 4675K, capacity 4921K, committed 4992K, reserved 1048576K
}
Event: 35.315 GC heap before
{Heap before GC invocations=12 (full 2):
 PSYoungGen      total 105472K, used 95232K [0x00000000e0000000, 0x00000000e8c80000, 0x0000000100000000)
  eden space 95232K, 100% used [0x00000000e0000000,0x00000000e5d00000,0x00000000e5d00000)
  from space 10240K, 0% used [0x00000000e5d00000,0x00000000e5d00000,0x00000000e6700000)
  to   space 11776K, 0% used [0x00000000e8100000,0x00000000e8100000,0x00000000e8c80000)
 ParOldGen       total 59904K, used 16043K [0x00000000a0000000, 0x00000000a3a80000, 0x00000000e0000000)
  object space 59904K, 26% used [0x00000000a0000000,0x00000000a0faae10,0x00000000a3a80000)
 Metaspace       used 40853K, capacity 41682K, committed 42072K, reserved 1085440K
  class space    used 5419K, capacity 5715K, committed 5760K, reserved 1048576K
Event: 35.350 GC heap after
Heap after GC invocations=12 (full 2):
 PSYoungGen      total 128000K, used 10290K [0x00000000e0000000, 0x00000000e8b80000, 0x0000000100000000)
  eden space 117248K, 0% used [0x00000000e0000000,0x00000000e0000000,0x00000000e7280000)
  from space 10752K, 95% used [0x00000000e8100000,0x00000000e8b0c970,0x00000000e8b80000)
  to   space 12800K, 0% used [0x00000000e7280000,0x00000000e7280000,0x00000000e7f00000)
 ParOldGen       total 59904K, used 16051K [0x00000000a0000000, 0x00000000a3a80000, 0x00000000e0000000)
  object space 59904K, 26% used [0x00000000a0000000,0x00000000a0face10,0x00000000a3a80000)
 Metaspace       used 40853K, capacity 41682K, committed 42072K, reserved 1085440K
  class space    used 5419K, capacity 5715K, committed 5760K, reserved 1048576K
}
Event: 46.025 GC heap before
{Heap before GC invocations=13 (full 2):
 PSYoungGen      total 128000K, used 127538K [0x00000000e0000000, 0x00000000e8b80000, 0x0000000100000000)
  eden space 117248K, 100% used [0x00000000e0000000,0x00000000e7280000,0x00000000e7280000)
  from space 10752K, 95% used [0x00000000e8100000,0x00000000e8b0c970,0x00000000e8b80000)
  to   space 12800K, 0% used [0x00000000e7280000,0x00000000e7280000,0x00000000e7f00000)
 ParOldGen       total 59904K, used 16051K [0x00000000a0000000, 0x00000000a3a80000, 0x00000000e0000000)
  object space 59904K, 26% used [0x00000000a0000000,0x00000000a0face10,0x00000000a3a80000)
 Metaspace       used 48379K, capacity 49598K, committed 49752K, reserved 1091584K
  class space    used 6398K, capacity 6762K, committed 6784K, reserved 1048576K
Event: 46.075 GC heap after
Heap after GC invocations=13 (full 2):
 PSYoungGen      total 130048K, used 12772K [0x00000000e0000000, 0x00000000ea980000, 0x0000000100000000)
  eden space 117248K, 0% used [0x00000000e0000000,0x00000000e0000000,0x00000000e7280000)
  from space 12800K, 99% used [0x00000000e7280000,0x00000000e7ef9058,0x00000000e7f00000)
  to   space 15360K, 0% used [0x00000000e9a80000,0x00000000e9a80000,0x00000000ea980000)
 ParOldGen       total 59904K, used 18332K [0x00000000a0000000, 0x00000000a3a80000, 0x00000000e0000000)
  object space 59904K, 30% used [0x00000000a0000000,0x00000000a11e7170,0x00000000a3a80000)
 Metaspace       used 48379K, capacity 49598K, committed 49752K, reserved 1091584K
  class space    used 6398K, capacity 6762K, committed 6784K, reserved 1048576K
}

