# JRE version: OpenJDK Runtime Environment (8.0_152-b01) (build 1.8.0_152-release-915-b01)
# Java VM: OpenJDK 64-Bit Server VM (25.152-b01 mixed mode windows-amd64 compressed oops)
Heap:
 PSYoungGen      total 352768K, used 278188K [0x00000000e0000000, 0x00000000f9780000, 0x0000000100000000)
  eden space 293376K, 94% used [0x00000000e0000000,0x00000000f0f8b238,0x00000000f1e80000)
  from space 59392K, 0% used [0x00000000f5d80000,0x00000000f5da0000,0x00000000f9780000)
  to   space 61952K, 0% used [0x00000000f1e80000,0x00000000f1e80000,0x00000000f5b00000)
 ParOldGen       total 226816K, used 140532K [0x00000000a0000000, 0x00000000add80000, 0x00000000e0000000)
  object space 226816K, 61% used [0x00000000a0000000,0x00000000a893d1d0,0x00000000add80000)
 Metaspace       used 83733K, capacity 88000K, committed 88152K, reserved 1126400K
  class space    used 10656K, capacity 11589K, committed 11648K, reserved 1048576K
GC Heap History (10 events):
Event: 1045.749 GC heap before
{Heap before GC invocations=28 (full 4):
 PSYoungGen      total 282112K, used 245248K [0x00000000e0000000, 0x00000000f8500000, 0x0000000100000000)
  eden space 245248K, 100% used [0x00000000e0000000,0x00000000eef80000,0x00000000eef80000)
  from space 36864K, 0% used [0x00000000eef80000,0x00000000eef80000,0x00000000f1380000)
  to   space 67584K, 0% used [0x00000000f4300000,0x00000000f4300000,0x00000000f8500000)
 ParOldGen       total 226816K, used 130758K [0x00000000a0000000, 0x00000000add80000, 0x00000000e0000000)
  object space 226816K, 57% used [0x00000000a0000000,0x00000000a7fb1ae8,0x00000000add80000)
 Metaspace       used 82562K, capacity 86514K, committed 87000K, reserved 1124352K
  class space    used 10518K, capacity 11418K, committed 11520K, reserved 1048576K
Event: 1045.780 GC heap after
Heap after GC invocations=28 (full 4):
 PSYoungGen      total 312832K, used 32052K [0x00000000e0000000, 0x00000000f8500000, 0x0000000100000000)
  eden space 245248K, 0% used [0x00000000e0000000,0x00000000e0000000,0x00000000eef80000)
  from space 67584K, 47% used [0x00000000f4300000,0x00000000f624d0e8,0x00000000f8500000)
  to   space 36864K, 0% used [0x00000000eef80000,0x00000000eef80000,0x00000000f1380000)
 ParOldGen       total 226816K, used 131022K [0x00000000a0000000, 0x00000000add80000, 0x00000000e0000000)
  object space 226816K, 57% used [0x00000000a0000000,0x00000000a7ff3b00,0x00000000add80000)
 Metaspace       used 82562K, capacity 86514K, committed 87000K, reserved 1124352K
  class space    used 10518K, capacity 11418K, committed 11520K, reserved 1048576K
}
Event: 1048.434 GC heap before
{Heap before GC invocations=29 (full 4):
 PSYoungGen      total 312832K, used 277300K [0x00000000e0000000, 0x00000000f8500000, 0x0000000100000000)
  eden space 245248K, 100% used [0x00000000e0000000,0x00000000eef80000,0x00000000eef80000)
  from space 67584K, 47% used [0x00000000f4300000,0x00000000f624d0e8,0x00000000f8500000)
  to   space 36864K, 0% used [0x00000000eef80000,0x00000000eef80000,0x00000000f1380000)
 ParOldGen       total 226816K, used 131022K [0x00000000a0000000, 0x00000000add80000, 0x00000000e0000000)
  object space 226816K, 57% used [0x00000000a0000000,0x00000000a7ff3b00,0x00000000add80000)
 Metaspace       used 82622K, capacity 86604K, committed 87000K, reserved 1124352K
  class space    used 10523K, capacity 11425K, committed 11520K, reserved 1048576K
Event: 1048.457 GC heap after
Heap after GC invocations=29 (full 4):
 PSYoungGen      total 282112K, used 28498K [0x00000000e0000000, 0x00000000f9b80000, 0x0000000100000000)
  eden space 245248K, 0% used [0x00000000e0000000,0x00000000e0000000,0x00000000eef80000)
  from space 36864K, 77% used [0x00000000eef80000,0x00000000f0b54928,0x00000000f1380000)
  to   space 63488K, 0% used [0x00000000f5d80000,0x00000000f5d80000,0x00000000f9b80000)
 ParOldGen       total 226816K, used 131030K [0x00000000a0000000, 0x00000000add80000, 0x00000000e0000000)
  object space 226816K, 57% used [0x00000000a0000000,0x00000000a7ff5b00,0x00000000add80000)
 Metaspace       used 82622K, capacity 86604K, committed 87000K, reserved 1124352K
  class space    used 10523K, capacity 11425K, committed 11520K, reserved 1048576K
}
Event: 1050.813 GC heap before
{Heap before GC invocations=30 (full 4):
 PSYoungGen      total 282112K, used 273165K [0x00000000e0000000, 0x00000000f9b80000, 0x0000000100000000)
  eden space 245248K, 99% used [0x00000000e0000000,0x00000000eeeeecd0,0x00000000eef80000)
  from space 36864K, 77% used [0x00000000eef80000,0x00000000f0b54928,0x00000000f1380000)
  to   space 63488K, 0% used [0x00000000f5d80000,0x00000000f5d80000,0x00000000f9b80000)
 ParOldGen       total 226816K, used 131030K [0x00000000a0000000, 0x00000000add80000, 0x00000000e0000000)
  object space 226816K, 57% used [0x00000000a0000000,0x00000000a7ff5b00,0x00000000add80000)
 Metaspace       used 83175K, capacity 87210K, committed 87512K, reserved 1126400K
  class space    used 10590K, capacity 11466K, committed 11520K, reserved 1048576K
Event: 1050.837 GC heap after
Heap after GC invocations=30 (full 4):
 PSYoungGen      total 352768K, used 11664K [0x00000000e0000000, 0x00000000f9780000, 0x0000000100000000)
  eden space 293376K, 0% used [0x00000000e0000000,0x00000000e0000000,0x00000000f1e80000)
  from space 59392K, 19% used [0x00000000f5d80000,0x00000000f68e40f0,0x00000000f9780000)
  to   space 61952K, 0% used [0x00000000f1e80000,0x00000000f1e80000,0x00000000f5b00000)
 ParOldGen       total 226816K, used 137554K [0x00000000a0000000, 0x00000000add80000, 0x00000000e0000000)
  object space 226816K, 60% used [0x00000000a0000000,0x00000000a8654bc0,0x00000000add80000)
 Metaspace       used 83175K, capacity 87210K, committed 87512K, reserved 1126400K
  class space    used 10590K, capacity 11466K, committed 11520K, reserved 1048576K
}
Event: 1050.892 GC heap before
{Heap before GC invocations=31 (full 4):
 PSYoungGen      total 352768K, used 304859K [0x00000000e0000000, 0x00000000f9780000, 0x0000000100000000)
  eden space 293376K, 99% used [0x00000000e0000000,0x00000000f1e52c80,0x00000000f1e80000)
  from space 59392K, 19% used [0x00000000f5d80000,0x00000000f68e40f0,0x00000000f9780000)
  to   space 61952K, 0% used [0x00000000f1e80000,0x00000000f1e80000,0x00000000f5b00000)
 ParOldGen       total 226816K, used 137554K [0x00000000a0000000, 0x00000000add80000, 0x00000000e0000000)
  object space 226816K, 60% used [0x00000000a0000000,0x00000000a8654bc0,0x00000000add80000)
 Metaspace       used 83183K, capacity 87210K, committed 87512K, reserved 1126400K
  class space    used 10590K, capacity 11466K, committed 11520K, reserved 1048576K
Event: 1050.896 GC heap after
Heap after GC invocations=31 (full 4):
 PSYoungGen      total 355328K, used 96K [0x00000000e0000000, 0x00000000f9780000, 0x0000000100000000)
  eden space 293376K, 0% used [0x00000000e0000000,0x00000000e0000000,0x00000000f1e80000)
  from space 61952K, 0% used [0x00000000f1e80000,0x00000000f1e98000,0x00000000f5b00000)
  to   space 59392K, 0% used [0x00000000f5d80000,0x00000000f5d80000,0x00000000f9780000)
 ParOldGen       total 226816K, used 140484K [0x00000000a0000000, 0x00000000add80000, 0x00000000e0000000)
  object space 226816K, 61% used [0x00000000a0000000,0x00000000a89311d0,0x00000000add80000)
 Metaspace       used 83183K, capacity 87210K, committed 87512K, reserved 1126400K
  class space    used 10590K, capacity 11466K, committed 11520K, reserved 1048576K
}
Event: 1050.944 GC heap before
{Heap before GC invocations=32 (full 4):
 PSYoungGen      total 355328K, used 293374K [0x00000000e0000000, 0x00000000f9780000, 0x0000000100000000)
  eden space 293376K, 99% used [0x00000000e0000000,0x00000000f1e67bc0,0x00000000f1e80000)
  from space 61952K, 0% used [0x00000000f1e80000,0x00000000f1e98000,0x00000000f5b00000)
  to   space 59392K, 0% used [0x00000000f5d80000,0x00000000f5d80000,0x00000000f9780000)
 ParOldGen       total 226816K, used 140484K [0x00000000a0000000, 0x00000000add80000, 0x00000000e0000000)
  object space 226816K, 61% used [0x00000000a0000000,0x00000000a89311d0,0x00000000add80000)
 Metaspace       used 83185K, capacity 87210K, committed 87512K, reserved 1126400K
  class space    used 10590K, capacity 11466K, committed 11520K, reserved 1048576K
Event: 1050.948 GC heap after
Heap after GC invocations=32 (full 4):
 PSYoungGen      total 352768K, used 128K [0x00000000e0000000, 0x00000000f9780000, 0x0000000100000000)
  eden space 293376K, 0% used [0x00000000e0000000,0x00000000e0000000,0x00000000f1e80000)
  from space 59392K, 0% used [0x00000000f5d80000,0x00000000f5da0000,0x00000000f9780000)
  to   space 61952K, 0% used [0x00000000f1e80000,0x00000000f1e80000,0x00000000f5b00000)
 ParOldGen       total 226816K, used 140532K [0x00000000a0000000, 0x00000000add80000, 0x00000000e0000000)
  object space 226816K, 61% used [0x00000000a0000000,0x00000000a893d1d0,0x00000000add80000)
 Metaspace       used 83185K, capacity 87210K, committed 87512K, reserved 1126400K
  class space    used 10590K, capacity 11466K, committed 11520K, reserved 1048576K
}

